[INFO] [2018-11-25 00:06:11][org.springframework.beans.factory.xml.XmlBeanDefinitionReader]Loading XML bean definitions from class path resource [spring-mybatis.xml]
 [INFO] [2018-11-25 00:06:11][org.springframework.context.support.GenericApplicationContext]Refreshing org.springframework.context.support.GenericApplicationContext@4f933fd1: startup date [Sun Nov 25 00:06:11 CST 2018]; root of context hierarchy
 [INFO] [2018-11-25 00:06:11][org.springframework.context.support.PropertySourcesPlaceholderConfigurer]Loading properties file from class path resource [jdbc.properties]
 [INFO] [2018-11-25 00:06:11][org.springframework.beans.factory.annotation.AutowiredAnnotationBeanPostProcessor]JSR-330 'javax.inject.Inject' annotation found and supported for autowiring
 [INFO] [2018-11-25 00:06:12][org.springframework.context.support.GenericApplicationContext]Closing org.springframework.context.support.GenericApplicationContext@4f933fd1: startup date [Sun Nov 25 00:06:11 CST 2018]; root of context hierarchy
 [INFO] [2018-11-25 00:07:55][org.springframework.beans.factory.xml.XmlBeanDefinitionReader]Loading XML bean definitions from class path resource [spring-mybatis.xml]
 [INFO] [2018-11-25 00:07:55][org.springframework.context.support.GenericApplicationContext]Refreshing org.springframework.context.support.GenericApplicationContext@4f933fd1: startup date [Sun Nov 25 00:07:55 CST 2018]; root of context hierarchy
 [INFO] [2018-11-25 00:07:55][org.springframework.context.support.PropertySourcesPlaceholderConfigurer]Loading properties file from class path resource [jdbc.properties]
 [INFO] [2018-11-25 00:07:55][org.springframework.beans.factory.annotation.AutowiredAnnotationBeanPostProcessor]JSR-330 'javax.inject.Inject' annotation found and supported for autowiring
 [INFO] [2018-11-25 00:07:56][org.springframework.context.support.GenericApplicationContext]Closing org.springframework.context.support.GenericApplicationContext@4f933fd1: startup date [Sun Nov 25 00:07:55 CST 2018]; root of context hierarchy
 [INFO] [2018-11-25 00:09:15][org.springframework.beans.factory.xml.XmlBeanDefinitionReader]Loading XML bean definitions from class path resource [spring-mybatis.xml]
 [INFO] [2018-11-25 00:09:16][org.springframework.context.support.GenericApplicationContext]Refreshing org.springframework.context.support.GenericApplicationContext@4f933fd1: startup date [Sun Nov 25 00:09:16 CST 2018]; root of context hierarchy
 [INFO] [2018-11-25 00:09:16][org.springframework.context.support.PropertySourcesPlaceholderConfigurer]Loading properties file from class path resource [jdbc.properties]
 [INFO] [2018-11-25 00:09:16][org.springframework.beans.factory.annotation.AutowiredAnnotationBeanPostProcessor]JSR-330 'javax.inject.Inject' annotation found and supported for autowiring
 [INFO] [2018-11-25 00:09:17][org.springframework.context.support.GenericApplicationContext]Closing org.springframework.context.support.GenericApplicationContext@4f933fd1: startup date [Sun Nov 25 00:09:16 CST 2018]; root of context hierarchy
 [INFO] [2018-11-25 00:09:53][org.springframework.beans.factory.xml.XmlBeanDefinitionReader]Loading XML bean definitions from class path resource [spring-mybatis.xml]
 [INFO] [2018-11-25 00:09:54][org.springframework.context.support.GenericApplicationContext]Refreshing org.springframework.context.support.GenericApplicationContext@4f933fd1: startup date [Sun Nov 25 00:09:54 CST 2018]; root of context hierarchy
 [INFO] [2018-11-25 00:09:54][org.springframework.context.support.PropertySourcesPlaceholderConfigurer]Loading properties file from class path resource [jdbc.properties]
 [INFO] [2018-11-25 00:09:54][org.springframework.beans.factory.annotation.AutowiredAnnotationBeanPostProcessor]JSR-330 'javax.inject.Inject' annotation found and supported for autowiring
 [INFO] [2018-11-25 00:09:55][org.springframework.context.support.GenericApplicationContext]Closing org.springframework.context.support.GenericApplicationContext@4f933fd1: startup date [Sun Nov 25 00:09:54 CST 2018]; root of context hierarchy
 [INFO] [2018-11-25 00:13:36][org.springframework.beans.factory.xml.XmlBeanDefinitionReader]Loading XML bean definitions from class path resource [spring-mybatis.xml]
 [INFO] [2018-11-25 00:13:36][org.springframework.context.support.GenericApplicationContext]Refreshing org.springframework.context.support.GenericApplicationContext@4f933fd1: startup date [Sun Nov 25 00:13:36 CST 2018]; root of context hierarchy
 [INFO] [2018-11-25 00:13:37][org.springframework.context.support.PropertySourcesPlaceholderConfigurer]Loading properties file from class path resource [jdbc.properties]
 [INFO] [2018-11-25 00:13:37][org.springframework.beans.factory.annotation.AutowiredAnnotationBeanPostProcessor]JSR-330 'javax.inject.Inject' annotation found and supported for autowiring
 [INFO] [2018-11-25 00:13:38][org.springframework.context.support.GenericApplicationContext]Closing org.springframework.context.support.GenericApplicationContext@4f933fd1: startup date [Sun Nov 25 00:13:36 CST 2018]; root of context hierarchy
 [INFO] [2018-11-25 00:14:54][org.springframework.beans.factory.xml.XmlBeanDefinitionReader]Loading XML bean definitions from class path resource [spring-mybatis.xml]
 [INFO] [2018-11-25 00:14:55][org.springframework.context.support.GenericApplicationContext]Refreshing org.springframework.context.support.GenericApplicationContext@4f933fd1: startup date [Sun Nov 25 00:14:55 CST 2018]; root of context hierarchy
 [INFO] [2018-11-25 00:14:55][org.springframework.context.support.PropertySourcesPlaceholderConfigurer]Loading properties file from class path resource [jdbc.properties]
 [INFO] [2018-11-25 00:14:55][org.springframework.beans.factory.annotation.AutowiredAnnotationBeanPostProcessor]JSR-330 'javax.inject.Inject' annotation found and supported for autowiring
 [INFO] [2018-11-25 00:14:56][org.springframework.context.support.GenericApplicationContext]Closing org.springframework.context.support.GenericApplicationContext@4f933fd1: startup date [Sun Nov 25 00:14:55 CST 2018]; root of context hierarchy
 [INFO] [2018-11-25 00:15:20][org.springframework.beans.factory.xml.XmlBeanDefinitionReader]Loading XML bean definitions from class path resource [spring-mybatis.xml]
 [INFO] [2018-11-25 00:15:21][org.springframework.context.support.GenericApplicationContext]Refreshing org.springframework.context.support.GenericApplicationContext@4f933fd1: startup date [Sun Nov 25 00:15:21 CST 2018]; root of context hierarchy
 [INFO] [2018-11-25 00:15:21][org.springframework.context.support.PropertySourcesPlaceholderConfigurer]Loading properties file from class path resource [jdbc.properties]
 [INFO] [2018-11-25 00:15:21][org.springframework.beans.factory.annotation.AutowiredAnnotationBeanPostProcessor]JSR-330 'javax.inject.Inject' annotation found and supported for autowiring
 [INFO] [2018-11-25 00:15:22][org.springframework.context.support.GenericApplicationContext]Closing org.springframework.context.support.GenericApplicationContext@4f933fd1: startup date [Sun Nov 25 00:15:21 CST 2018]; root of context hierarchy
 [INFO] [2018-11-25 00:16:43][org.springframework.beans.factory.xml.XmlBeanDefinitionReader]Loading XML bean definitions from class path resource [spring-mybatis.xml]
 [INFO] [2018-11-25 00:16:44][org.springframework.context.support.GenericApplicationContext]Refreshing org.springframework.context.support.GenericApplicationContext@4f933fd1: startup date [Sun Nov 25 00:16:44 CST 2018]; root of context hierarchy
 [INFO] [2018-11-25 00:16:44][org.springframework.context.support.PropertySourcesPlaceholderConfigurer]Loading properties file from class path resource [jdbc.properties]
 [INFO] [2018-11-25 00:16:44][org.springframework.beans.factory.annotation.AutowiredAnnotationBeanPostProcessor]JSR-330 'javax.inject.Inject' annotation found and supported for autowiring
 [INFO] [2018-11-25 00:16:45][org.springframework.context.support.GenericApplicationContext]Closing org.springframework.context.support.GenericApplicationContext@4f933fd1: startup date [Sun Nov 25 00:16:44 CST 2018]; root of context hierarchy
 [INFO] [2018-11-25 00:19:18][org.springframework.beans.factory.xml.XmlBeanDefinitionReader]Loading XML bean definitions from class path resource [spring-mybatis.xml]
 [INFO] [2018-11-25 00:19:19][org.springframework.context.support.GenericApplicationContext]Refreshing org.springframework.context.support.GenericApplicationContext@4f933fd1: startup date [Sun Nov 25 00:19:19 CST 2018]; root of context hierarchy
 [INFO] [2018-11-25 00:19:19][org.springframework.context.support.PropertySourcesPlaceholderConfigurer]Loading properties file from class path resource [jdbc.properties]
 [INFO] [2018-11-25 00:19:19][org.springframework.beans.factory.annotation.AutowiredAnnotationBeanPostProcessor]JSR-330 'javax.inject.Inject' annotation found and supported for autowiring
 [INFO] [2018-11-25 00:19:20][org.springframework.context.support.GenericApplicationContext]Closing org.springframework.context.support.GenericApplicationContext@4f933fd1: startup date [Sun Nov 25 00:19:19 CST 2018]; root of context hierarchy
 [INFO] [2018-11-25 00:20:25][org.springframework.beans.factory.xml.XmlBeanDefinitionReader]Loading XML bean definitions from class path resource [spring-mybatis.xml]
 [INFO] [2018-11-25 00:20:26][org.springframework.context.support.GenericApplicationContext]Refreshing org.springframework.context.support.GenericApplicationContext@4f933fd1: startup date [Sun Nov 25 00:20:26 CST 2018]; root of context hierarchy
 [INFO] [2018-11-25 00:20:26][org.springframework.context.support.PropertySourcesPlaceholderConfigurer]Loading properties file from class path resource [jdbc.properties]
 [INFO] [2018-11-25 00:20:26][org.springframework.beans.factory.annotation.AutowiredAnnotationBeanPostProcessor]JSR-330 'javax.inject.Inject' annotation found and supported for autowiring
 [INFO] [2018-11-25 00:20:27][org.springframework.context.support.GenericApplicationContext]Closing org.springframework.context.support.GenericApplicationContext@4f933fd1: startup date [Sun Nov 25 00:20:26 CST 2018]; root of context hierarchy
 [INFO] [2018-12-02 21:45:21][org.springframework.beans.factory.xml.XmlBeanDefinitionReader]Loading XML bean definitions from class path resource [spring-mybatis.xml]
 [INFO] [2018-12-02 21:45:23][org.springframework.context.support.GenericApplicationContext]Refreshing org.springframework.context.support.GenericApplicationContext@20e2cbe0: startup date [Sun Dec 02 21:45:23 CST 2018]; root of context hierarchy
 [INFO] [2018-12-02 21:45:24][org.springframework.context.support.PropertySourcesPlaceholderConfigurer]Loading properties file from class path resource [jdbc.properties]
 [INFO] [2018-12-02 21:45:24][org.springframework.beans.factory.annotation.AutowiredAnnotationBeanPostProcessor]JSR-330 'javax.inject.Inject' annotation found and supported for autowiring
 [INFO] [2018-12-02 21:45:27][org.springframework.context.support.GenericApplicationContext]Closing org.springframework.context.support.GenericApplicationContext@20e2cbe0: startup date [Sun Dec 02 21:45:23 CST 2018]; root of context hierarchy
 [INFO] [2018-12-02 21:46:43][org.springframework.beans.factory.xml.XmlBeanDefinitionReader]Loading XML bean definitions from class path resource [spring-mybatis.xml]
 [INFO] [2018-12-02 21:46:44][org.springframework.context.support.GenericApplicationContext]Refreshing org.springframework.context.support.GenericApplicationContext@20e2cbe0: startup date [Sun Dec 02 21:46:44 CST 2018]; root of context hierarchy
 [INFO] [2018-12-02 21:46:44][org.springframework.context.support.PropertySourcesPlaceholderConfigurer]Loading properties file from class path resource [jdbc.properties]
 [INFO] [2018-12-02 21:46:44][org.springframework.beans.factory.annotation.AutowiredAnnotationBeanPostProcessor]JSR-330 'javax.inject.Inject' annotation found and supported for autowiring
 [INFO] [2018-12-02 21:46:46][org.springframework.context.support.GenericApplicationContext]Closing org.springframework.context.support.GenericApplicationContext@20e2cbe0: startup date [Sun Dec 02 21:46:44 CST 2018]; root of context hierarchy
 [INFO] [2018-12-02 21:50:51][org.springframework.context.support.ClassPathXmlApplicationContext]Refreshing org.springframework.context.support.ClassPathXmlApplicationContext@7dc36524: startup date [Sun Dec 02 21:50:51 CST 2018]; root of context hierarchy
 [INFO] [2018-12-02 21:50:51][org.springframework.beans.factory.xml.XmlBeanDefinitionReader]Loading XML bean definitions from class path resource [spring-mybatis.xml]
 [INFO] [2018-12-02 21:50:52][org.springframework.context.support.PropertySourcesPlaceholderConfigurer]Loading properties file from class path resource [jdbc.properties]
 [INFO] [2018-12-02 21:50:52][org.springframework.beans.factory.annotation.AutowiredAnnotationBeanPostProcessor]JSR-330 'javax.inject.Inject' annotation found and supported for autowiring
 [INFO] [2018-12-02 21:54:41][org.springframework.context.support.ClassPathXmlApplicationContext]Refreshing org.springframework.context.support.ClassPathXmlApplicationContext@2c8d66b2: startup date [Sun Dec 02 21:54:41 CST 2018]; root of context hierarchy
 [INFO] [2018-12-02 21:54:42][org.springframework.beans.factory.xml.XmlBeanDefinitionReader]Loading XML bean definitions from class path resource [spring-mybatis.xml]
 [INFO] [2018-12-02 21:54:42][org.springframework.context.support.PropertySourcesPlaceholderConfigurer]Loading properties file from class path resource [jdbc.properties]
 [INFO] [2018-12-02 21:54:42][org.springframework.beans.factory.annotation.AutowiredAnnotationBeanPostProcessor]JSR-330 'javax.inject.Inject' annotation found and supported for autowiring
 [INFO] [2018-12-02 21:54:42][com.mchange.v2.log.MLog]MLog clients using log4j logging.
 [INFO] [2018-12-02 21:54:43][com.mchange.v2.c3p0.C3P0Registry]Initializing c3p0-0.9.1.2 [built 21-May-2007 15:04:56; debug? true; trace: 10]
 [INFO] [2018-12-02 21:54:44][com.mchange.v2.c3p0.impl.AbstractPoolBackedDataSource]Initializing c3p0 pool... com.mchange.v2.c3p0.ComboPooledDataSource [ acquireIncrement -> 5, acquireRetryAttempts -> 30, acquireRetryDelay -> 1000, autoCommitOnClose -> false, automaticTestTable -> null, breakAfterAcquireFailure -> false, checkoutTimeout -> 30000, connectionCustomizerClassName -> null, connectionTesterClassName -> com.mchange.v2.c3p0.impl.DefaultConnectionTester, dataSourceName -> 1hge0w89zuuqsjj1o2xwas|32eff876, debugUnreturnedConnectionStackTraces -> false, description -> null, driverClass -> com.mysql.jdbc.Driver, factoryClassLocation -> null, forceIgnoreUnresolvedTransactions -> false, identityToken -> 1hge0w89zuuqsjj1o2xwas|32eff876, idleConnectionTestPeriod -> 30, initialPoolSize -> 10, jdbcUrl -> jdbc:mysql://localhost:3306/spring?useUnicode=true&characterEncoding=utf-8&useSSL=false, maxAdministrativeTaskTime -> 0, maxConnectionAge -> 0, maxIdleTime -> 30, maxIdleTimeExcessConnections -> 0, maxPoolSize -> 50, maxStatements -> 0, maxStatementsPerConnection -> 0, minPoolSize -> 10, numHelperThreads -> 3, numThreadsAwaitingCheckoutDefaultUser -> 0, preferredTestQuery -> null, properties -> {user=******, password=******}, propertyCycle -> 0, testConnectionOnCheckin -> false, testConnectionOnCheckout -> false, unreturnedConnectionTimeout -> 0, usesTraditionalReflectiveProxies -> false ]
 [INFO] [2018-12-02 21:55:01][org.springframework.beans.factory.xml.XmlBeanDefinitionReader]Loading XML bean definitions from class path resource [spring-mybatis.xml]
 [INFO] [2018-12-02 21:55:01][org.springframework.context.support.GenericApplicationContext]Refreshing org.springframework.context.support.GenericApplicationContext@1753acfe: startup date [Sun Dec 02 21:55:01 CST 2018]; root of context hierarchy
 [INFO] [2018-12-02 21:55:01][org.springframework.context.support.PropertySourcesPlaceholderConfigurer]Loading properties file from class path resource [jdbc.properties]
 [INFO] [2018-12-02 21:55:01][org.springframework.beans.factory.annotation.AutowiredAnnotationBeanPostProcessor]JSR-330 'javax.inject.Inject' annotation found and supported for autowiring
 [INFO] [2018-12-02 21:55:01][com.mchange.v2.log.MLog]MLog clients using log4j logging.
 [INFO] [2018-12-02 21:55:02][com.mchange.v2.c3p0.C3P0Registry]Initializing c3p0-0.9.1.2 [built 21-May-2007 15:04:56; debug? true; trace: 10]
 [INFO] [2018-12-02 21:55:03][com.mchange.v2.c3p0.impl.AbstractPoolBackedDataSource]Initializing c3p0 pool... com.mchange.v2.c3p0.ComboPooledDataSource [ acquireIncrement -> 5, acquireRetryAttempts -> 30, acquireRetryDelay -> 1000, autoCommitOnClose -> false, automaticTestTable -> null, breakAfterAcquireFailure -> false, checkoutTimeout -> 30000, connectionCustomizerClassName -> null, connectionTesterClassName -> com.mchange.v2.c3p0.impl.DefaultConnectionTester, dataSourceName -> 1hge0w89zuur7657pugi6|48f2bd5b, debugUnreturnedConnectionStackTraces -> false, description -> null, driverClass -> com.mysql.jdbc.Driver, factoryClassLocation -> null, forceIgnoreUnresolvedTransactions -> false, identityToken -> 1hge0w89zuur7657pugi6|48f2bd5b, idleConnectionTestPeriod -> 30, initialPoolSize -> 10, jdbcUrl -> jdbc:mysql://localhost:3306/spring?useUnicode=true&characterEncoding=utf-8&useSSL=false, maxAdministrativeTaskTime -> 0, maxConnectionAge -> 0, maxIdleTime -> 30, maxIdleTimeExcessConnections -> 0, maxPoolSize -> 50, maxStatements -> 0, maxStatementsPerConnection -> 0, minPoolSize -> 10, numHelperThreads -> 3, numThreadsAwaitingCheckoutDefaultUser -> 0, preferredTestQuery -> null, properties -> {user=******, password=******}, propertyCycle -> 0, testConnectionOnCheckin -> false, testConnectionOnCheckout -> false, unreturnedConnectionTimeout -> 0, usesTraditionalReflectiveProxies -> false ]
 [INFO] [2018-12-02 21:55:03][org.springframework.beans.factory.xml.XmlBeanDefinitionReader]Loading XML bean definitions from class path resource [org/springframework/jdbc/support/sql-error-codes.xml]
 [INFO] [2018-12-02 21:55:03][org.springframework.jdbc.support.SQLErrorCodesFactory]SQLErrorCodes loaded: [DB2, Derby, H2, HSQL, Informix, MS-SQL, MySQL, Oracle, PostgreSQL, Sybase]
 [INFO] [2018-12-02 21:55:04][org.springframework.context.support.GenericApplicationContext]Closing org.springframework.context.support.GenericApplicationContext@1753acfe: startup date [Sun Dec 02 21:55:01 CST 2018]; root of context hierarchy
 [INFO] [2018-12-02 21:55:40][org.springframework.beans.factory.xml.XmlBeanDefinitionReader]Loading XML bean definitions from class path resource [spring-mybatis.xml]
 [INFO] [2018-12-02 21:55:40][org.springframework.context.support.GenericApplicationContext]Refreshing org.springframework.context.support.GenericApplicationContext@1753acfe: startup date [Sun Dec 02 21:55:40 CST 2018]; root of context hierarchy
 [INFO] [2018-12-02 21:55:41][org.springframework.context.support.PropertySourcesPlaceholderConfigurer]Loading properties file from class path resource [jdbc.properties]
 [INFO] [2018-12-02 21:55:41][org.springframework.beans.factory.annotation.AutowiredAnnotationBeanPostProcessor]JSR-330 'javax.inject.Inject' annotation found and supported for autowiring
 [INFO] [2018-12-02 21:55:41][com.mchange.v2.log.MLog]MLog clients using log4j logging.
 [INFO] [2018-12-02 21:55:42][com.mchange.v2.c3p0.C3P0Registry]Initializing c3p0-0.9.1.2 [built 21-May-2007 15:04:56; debug? true; trace: 10]
 [INFO] [2018-12-02 21:55:42][com.mchange.v2.c3p0.impl.AbstractPoolBackedDataSource]Initializing c3p0 pool... com.mchange.v2.c3p0.ComboPooledDataSource [ acquireIncrement -> 5, acquireRetryAttempts -> 30, acquireRetryDelay -> 1000, autoCommitOnClose -> false, automaticTestTable -> null, breakAfterAcquireFailure -> false, checkoutTimeout -> 30000, connectionCustomizerClassName -> null, connectionTesterClassName -> com.mchange.v2.c3p0.impl.DefaultConnectionTester, dataSourceName -> 1hge0w89zuus1v7zvxbrx|48f2bd5b, debugUnreturnedConnectionStackTraces -> false, description -> null, driverClass -> com.mysql.jdbc.Driver, factoryClassLocation -> null, forceIgnoreUnresolvedTransactions -> false, identityToken -> 1hge0w89zuus1v7zvxbrx|48f2bd5b, idleConnectionTestPeriod -> 30, initialPoolSize -> 10, jdbcUrl -> jdbc:mysql://localhost:3306/ssm?useUnicode=true&characterEncoding=utf-8&useSSL=false, maxAdministrativeTaskTime -> 0, maxConnectionAge -> 0, maxIdleTime -> 30, maxIdleTimeExcessConnections -> 0, maxPoolSize -> 50, maxStatements -> 0, maxStatementsPerConnection -> 0, minPoolSize -> 10, numHelperThreads -> 3, numThreadsAwaitingCheckoutDefaultUser -> 0, preferredTestQuery -> null, properties -> {user=******, password=******}, propertyCycle -> 0, testConnectionOnCheckin -> false, testConnectionOnCheckout -> false, unreturnedConnectionTimeout -> 0, usesTraditionalReflectiveProxies -> false ]
 [INFO] [2018-12-02 21:55:44][com.test.TestMyBatis]{"age":24,"id":1,"password":"345","userName":"测试"}
 [INFO] [2018-12-02 21:55:44][org.springframework.context.support.GenericApplicationContext]Closing org.springframework.context.support.GenericApplicationContext@1753acfe: startup date [Sun Dec 02 21:55:40 CST 2018]; root of context hierarchy
 [INFO] [2018-12-02 21:56:24][org.springframework.beans.factory.xml.XmlBeanDefinitionReader]Loading XML bean definitions from class path resource [spring-mybatis.xml]
 [INFO] [2018-12-02 21:56:24][org.springframework.context.support.GenericApplicationContext]Refreshing org.springframework.context.support.GenericApplicationContext@1753acfe: startup date [Sun Dec 02 21:56:24 CST 2018]; root of context hierarchy
 [INFO] [2018-12-02 21:56:25][org.springframework.context.support.PropertySourcesPlaceholderConfigurer]Loading properties file from class path resource [jdbc.properties]
 [INFO] [2018-12-02 21:56:25][org.springframework.beans.factory.annotation.AutowiredAnnotationBeanPostProcessor]JSR-330 'javax.inject.Inject' annotation found and supported for autowiring
 [INFO] [2018-12-02 21:56:25][com.mchange.v2.log.MLog]MLog clients using log4j logging.
 [INFO] [2018-12-02 21:56:25][com.mchange.v2.c3p0.C3P0Registry]Initializing c3p0-0.9.1.2 [built 21-May-2007 15:04:56; debug? true; trace: 10]
 [INFO] [2018-12-02 21:56:26][com.mchange.v2.c3p0.impl.AbstractPoolBackedDataSource]Initializing c3p0 pool... com.mchange.v2.c3p0.ComboPooledDataSource [ acquireIncrement -> 5, acquireRetryAttempts -> 30, acquireRetryDelay -> 1000, autoCommitOnClose -> false, automaticTestTable -> null, breakAfterAcquireFailure -> false, checkoutTimeout -> 30000, connectionCustomizerClassName -> null, connectionTesterClassName -> com.mchange.v2.c3p0.impl.DefaultConnectionTester, dataSourceName -> 1hge0w89zuuszj51trfiup|48f2bd5b, debugUnreturnedConnectionStackTraces -> false, description -> null, driverClass -> com.mysql.jdbc.Driver, factoryClassLocation -> null, forceIgnoreUnresolvedTransactions -> false, identityToken -> 1hge0w89zuuszj51trfiup|48f2bd5b, idleConnectionTestPeriod -> 30, initialPoolSize -> 10, jdbcUrl -> jdbc:mysql://localhost:3306/ssm?useUnicode=true&characterEncoding=utf-8&useSSL=false, maxAdministrativeTaskTime -> 0, maxConnectionAge -> 0, maxIdleTime -> 30, maxIdleTimeExcessConnections -> 0, maxPoolSize -> 50, maxStatements -> 0, maxStatementsPerConnection -> 0, minPoolSize -> 10, numHelperThreads -> 3, numThreadsAwaitingCheckoutDefaultUser -> 0, preferredTestQuery -> null, properties -> {user=******, password=******}, propertyCycle -> 0, testConnectionOnCheckin -> false, testConnectionOnCheckout -> false, unreturnedConnectionTimeout -> 0, usesTraditionalReflectiveProxies -> false ]
 [INFO] [2018-12-02 21:56:27][com.test.TestMyBatis]值：测试
 [INFO] [2018-12-02 21:56:27][com.test.TestMyBatis]{"age":24,"id":1,"password":"345","userName":"测试"}
 [INFO] [2018-12-02 21:56:27][org.springframework.context.support.GenericApplicationContext]Closing org.springframework.context.support.GenericApplicationContext@1753acfe: startup date [Sun Dec 02 21:56:24 CST 2018]; root of context hierarchy
 [INFO] [2018-12-02 21:58:42][org.springframework.beans.factory.xml.XmlBeanDefinitionReader]Loading XML bean definitions from class path resource [spring-mybatis.xml]
 [INFO] [2018-12-02 21:58:43][org.springframework.context.support.GenericApplicationContext]Refreshing org.springframework.context.support.GenericApplicationContext@1753acfe: startup date [Sun Dec 02 21:58:43 CST 2018]; root of context hierarchy
 [INFO] [2018-12-02 21:58:43][org.springframework.context.support.PropertySourcesPlaceholderConfigurer]Loading properties file from class path resource [jdbc.properties]
 [INFO] [2018-12-02 21:58:43][org.springframework.beans.factory.annotation.AutowiredAnnotationBeanPostProcessor]JSR-330 'javax.inject.Inject' annotation found and supported for autowiring
 [INFO] [2018-12-02 21:58:44][com.mchange.v2.log.MLog]MLog clients using log4j logging.
 [INFO] [2018-12-02 21:58:44][com.mchange.v2.c3p0.C3P0Registry]Initializing c3p0-0.9.1.2 [built 21-May-2007 15:04:56; debug? true; trace: 10]
 [INFO] [2018-12-02 21:58:45][com.mchange.v2.c3p0.impl.AbstractPoolBackedDataSource]Initializing c3p0 pool... com.mchange.v2.c3p0.ComboPooledDataSource [ acquireIncrement -> 5, acquireRetryAttempts -> 30, acquireRetryDelay -> 1000, autoCommitOnClose -> false, automaticTestTable -> null, breakAfterAcquireFailure -> false, checkoutTimeout -> 30000, connectionCustomizerClassName -> null, connectionTesterClassName -> com.mchange.v2.c3p0.impl.DefaultConnectionTester, dataSourceName -> 1hge0w89zuuvyib17ertin|4802796d, debugUnreturnedConnectionStackTraces -> false, description -> null, driverClass -> com.mysql.jdbc.Driver, factoryClassLocation -> null, forceIgnoreUnresolvedTransactions -> false, identityToken -> 1hge0w89zuuvyib17ertin|4802796d, idleConnectionTestPeriod -> 30, initialPoolSize -> 10, jdbcUrl -> jdbc:mysql://localhost:3306/ssm?useUnicode=true&characterEncoding=utf-8&useSSL=false, maxAdministrativeTaskTime -> 0, maxConnectionAge -> 0, maxIdleTime -> 30, maxIdleTimeExcessConnections -> 0, maxPoolSize -> 50, maxStatements -> 0, maxStatementsPerConnection -> 0, minPoolSize -> 10, numHelperThreads -> 3, numThreadsAwaitingCheckoutDefaultUser -> 0, preferredTestQuery -> null, properties -> {user=******, password=******}, propertyCycle -> 0, testConnectionOnCheckin -> false, testConnectionOnCheckout -> false, unreturnedConnectionTimeout -> 0, usesTraditionalReflectiveProxies -> false ]
 [INFO] [2018-12-02 21:58:46][com.test.TestMyBatis]值：测试
 [INFO] [2018-12-02 21:58:46][com.test.TestMyBatis]{"age":24,"id":1,"password":"345","userName":"测试"}
 [INFO] [2018-12-02 21:58:46][org.springframework.context.support.GenericApplicationContext]Closing org.springframework.context.support.GenericApplicationContext@1753acfe: startup date [Sun Dec 02 21:58:43 CST 2018]; root of context hierarchy
 [INFO] [2018-12-02 22:05:28][org.springframework.beans.factory.xml.XmlBeanDefinitionReader]Loading XML bean definitions from class path resource [spring-mybatis.xml]
 [INFO] [2018-12-02 22:05:28][org.springframework.context.support.GenericApplicationContext]Refreshing org.springframework.context.support.GenericApplicationContext@1753acfe: startup date [Sun Dec 02 22:05:28 CST 2018]; root of context hierarchy
 [INFO] [2018-12-02 22:05:28][org.springframework.context.support.PropertySourcesPlaceholderConfigurer]Loading properties file from class path resource [jdbc.properties]
 [INFO] [2018-12-02 22:05:28][org.springframework.beans.factory.annotation.AutowiredAnnotationBeanPostProcessor]JSR-330 'javax.inject.Inject' annotation found and supported for autowiring
 [INFO] [2018-12-02 22:05:28][com.mchange.v2.log.MLog]MLog clients using log4j logging.
 [INFO] [2018-12-02 22:05:29][com.mchange.v2.c3p0.C3P0Registry]Initializing c3p0-0.9.1.2 [built 21-May-2007 15:04:56; debug? true; trace: 10]
 [INFO] [2018-12-02 22:05:30][com.mchange.v2.c3p0.impl.AbstractPoolBackedDataSource]Initializing c3p0 pool... com.mchange.v2.c3p0.ComboPooledDataSource [ acquireIncrement -> 5, acquireRetryAttempts -> 30, acquireRetryDelay -> 1000, autoCommitOnClose -> false, automaticTestTable -> null, breakAfterAcquireFailure -> false, checkoutTimeout -> 30000, connectionCustomizerClassName -> null, connectionTesterClassName -> com.mchange.v2.c3p0.impl.DefaultConnectionTester, dataSourceName -> 1hge0w89zuv4mz718lle1w|4802796d, debugUnreturnedConnectionStackTraces -> false, description -> null, driverClass -> com.mysql.jdbc.Driver, factoryClassLocation -> null, forceIgnoreUnresolvedTransactions -> false, identityToken -> 1hge0w89zuv4mz718lle1w|4802796d, idleConnectionTestPeriod -> 30, initialPoolSize -> 10, jdbcUrl -> jdbc:mysql://localhost:3306/ssm?useUnicode=true&characterEncoding=utf-8&useSSL=false, maxAdministrativeTaskTime -> 0, maxConnectionAge -> 0, maxIdleTime -> 30, maxIdleTimeExcessConnections -> 0, maxPoolSize -> 50, maxStatements -> 0, maxStatementsPerConnection -> 0, minPoolSize -> 10, numHelperThreads -> 3, numThreadsAwaitingCheckoutDefaultUser -> 0, preferredTestQuery -> null, properties -> {user=******, password=******}, propertyCycle -> 0, testConnectionOnCheckin -> false, testConnectionOnCheckout -> false, unreturnedConnectionTimeout -> 0, usesTraditionalReflectiveProxies -> false ]
 [INFO] [2018-12-02 22:05:30][com.test.TestMyBatis]值：测试
 [INFO] [2018-12-02 22:05:30][com.test.TestMyBatis]{"age":24,"id":1,"password":"345","userName":"测试"}
 [INFO] [2018-12-02 22:05:30][org.springframework.context.support.GenericApplicationContext]Closing org.springframework.context.support.GenericApplicationContext@1753acfe: startup date [Sun Dec 02 22:05:28 CST 2018]; root of context hierarchy
 [INFO] [2018-12-02 22:07:42][org.springframework.beans.factory.xml.XmlBeanDefinitionReader]Loading XML bean definitions from class path resource [spring-mybatis.xml]
 [INFO] [2018-12-02 22:07:43][org.springframework.context.support.GenericApplicationContext]Refreshing org.springframework.context.support.GenericApplicationContext@14acaea5: startup date [Sun Dec 02 22:07:43 CST 2018]; root of context hierarchy
 [INFO] [2018-12-02 22:07:43][org.springframework.context.support.PropertySourcesPlaceholderConfigurer]Loading properties file from class path resource [jdbc.properties]
 [INFO] [2018-12-02 22:07:43][org.springframework.beans.factory.annotation.AutowiredAnnotationBeanPostProcessor]JSR-330 'javax.inject.Inject' annotation found and supported for autowiring
 [INFO] [2018-12-02 22:07:43][com.mchange.v2.log.MLog]MLog clients using log4j logging.
 [INFO] [2018-12-02 22:07:44][com.mchange.v2.c3p0.C3P0Registry]Initializing c3p0-0.9.1.2 [built 21-May-2007 15:04:56; debug? true; trace: 10]
 [INFO] [2018-12-02 22:07:45][com.mchange.v2.c3p0.impl.AbstractPoolBackedDataSource]Initializing c3p0 pool... com.mchange.v2.c3p0.ComboPooledDataSource [ acquireIncrement -> 5, acquireRetryAttempts -> 30, acquireRetryDelay -> 1000, autoCommitOnClose -> false, automaticTestTable -> null, breakAfterAcquireFailure -> false, checkoutTimeout -> 30000, connectionCustomizerClassName -> null, connectionTesterClassName -> com.mchange.v2.c3p0.impl.DefaultConnectionTester, dataSourceName -> 1hge0w89zuv7iyvxs7y6o|4802796d, debugUnreturnedConnectionStackTraces -> false, description -> null, driverClass -> com.mysql.jdbc.Driver, factoryClassLocation -> null, forceIgnoreUnresolvedTransactions -> false, identityToken -> 1hge0w89zuv7iyvxs7y6o|4802796d, idleConnectionTestPeriod -> 30, initialPoolSize -> 10, jdbcUrl -> jdbc:mysql://localhost:3306/ssm?useUnicode=true&characterEncoding=utf-8&useSSL=false, maxAdministrativeTaskTime -> 0, maxConnectionAge -> 0, maxIdleTime -> 30, maxIdleTimeExcessConnections -> 0, maxPoolSize -> 50, maxStatements -> 0, maxStatementsPerConnection -> 0, minPoolSize -> 10, numHelperThreads -> 3, numThreadsAwaitingCheckoutDefaultUser -> 0, preferredTestQuery -> null, properties -> {user=******, password=******}, propertyCycle -> 0, testConnectionOnCheckin -> false, testConnectionOnCheckout -> false, unreturnedConnectionTimeout -> 0, usesTraditionalReflectiveProxies -> false ]
 [INFO] [2018-12-02 22:07:45][com.test.TestMyBatis]值：测试
 [INFO] [2018-12-02 22:07:46][com.test.TestMyBatis]{"age":24,"id":1,"password":"345","userName":"测试"}
 [INFO] [2018-12-02 22:07:46][org.springframework.context.support.GenericApplicationContext]Closing org.springframework.context.support.GenericApplicationContext@14acaea5: startup date [Sun Dec 02 22:07:43 CST 2018]; root of context hierarchy
 [INFO] [2018-12-02 22:50:48][org.springframework.beans.factory.xml.XmlBeanDefinitionReader]Loading XML bean definitions from class path resource [spring-mybatis.xml]
 [INFO] [2018-12-02 22:50:49][org.springframework.context.support.GenericApplicationContext]Refreshing org.springframework.context.support.GenericApplicationContext@14acaea5: startup date [Sun Dec 02 22:50:49 CST 2018]; root of context hierarchy
 [INFO] [2018-12-02 22:50:49][org.springframework.context.support.PropertySourcesPlaceholderConfigurer]Loading properties file from class path resource [jdbc.properties]
 [INFO] [2018-12-02 22:50:49][org.springframework.beans.factory.annotation.AutowiredAnnotationBeanPostProcessor]JSR-330 'javax.inject.Inject' annotation found and supported for autowiring
 [INFO] [2018-12-02 22:50:49][com.mchange.v2.log.MLog]MLog clients using log4j logging.
 [INFO] [2018-12-02 22:50:49][com.mchange.v2.c3p0.C3P0Registry]Initializing c3p0-0.9.1.2 [built 21-May-2007 15:04:56; debug? true; trace: 10]
 [INFO] [2018-12-02 22:50:50][com.mchange.v2.c3p0.impl.AbstractPoolBackedDataSource]Initializing c3p0 pool... com.mchange.v2.c3p0.ComboPooledDataSource [ acquireIncrement -> 5, acquireRetryAttempts -> 30, acquireRetryDelay -> 1000, autoCommitOnClose -> false, automaticTestTable -> null, breakAfterAcquireFailure -> false, checkoutTimeout -> 30000, connectionCustomizerClassName -> null, connectionTesterClassName -> com.mchange.v2.c3p0.impl.DefaultConnectionTester, dataSourceName -> 1hge0w89zuwqy4r1vvfmt5|73a1e9a9, debugUnreturnedConnectionStackTraces -> false, description -> null, driverClass -> com.mysql.jdbc.Driver, factoryClassLocation -> null, forceIgnoreUnresolvedTransactions -> false, identityToken -> 1hge0w89zuwqy4r1vvfmt5|73a1e9a9, idleConnectionTestPeriod -> 30, initialPoolSize -> 10, jdbcUrl -> jdbc:mysql://localhost:3306/ssm?useUnicode=true&characterEncoding=utf-8&useSSL=false, maxAdministrativeTaskTime -> 0, maxConnectionAge -> 0, maxIdleTime -> 30, maxIdleTimeExcessConnections -> 0, maxPoolSize -> 50, maxStatements -> 0, maxStatementsPerConnection -> 0, minPoolSize -> 10, numHelperThreads -> 3, numThreadsAwaitingCheckoutDefaultUser -> 0, preferredTestQuery -> null, properties -> {user=******, password=******}, propertyCycle -> 0, testConnectionOnCheckin -> false, testConnectionOnCheckout -> false, unreturnedConnectionTimeout -> 0, usesTraditionalReflectiveProxies -> false ]
 [INFO] [2018-12-02 22:50:51][org.springframework.context.support.GenericApplicationContext]Closing org.springframework.context.support.GenericApplicationContext@14acaea5: startup date [Sun Dec 02 22:50:49 CST 2018]; root of context hierarchy
 [INFO] [2018-12-02 22:51:15][org.springframework.beans.factory.xml.XmlBeanDefinitionReader]Loading XML bean definitions from class path resource [spring-mybatis.xml]
 [INFO] [2018-12-02 22:51:15][org.springframework.context.support.GenericApplicationContext]Refreshing org.springframework.context.support.GenericApplicationContext@14acaea5: startup date [Sun Dec 02 22:51:15 CST 2018]; root of context hierarchy
 [INFO] [2018-12-02 22:51:16][org.springframework.context.support.PropertySourcesPlaceholderConfigurer]Loading properties file from class path resource [jdbc.properties]
 [INFO] [2018-12-02 22:51:16][org.springframework.beans.factory.annotation.AutowiredAnnotationBeanPostProcessor]JSR-330 'javax.inject.Inject' annotation found and supported for autowiring
 [INFO] [2018-12-02 22:51:16][com.mchange.v2.log.MLog]MLog clients using log4j logging.
 [INFO] [2018-12-02 22:51:18][com.mchange.v2.c3p0.C3P0Registry]Initializing c3p0-0.9.1.2 [built 21-May-2007 15:04:56; debug? true; trace: 10]
 [INFO] [2018-12-02 22:51:20][com.mchange.v2.c3p0.impl.AbstractPoolBackedDataSource]Initializing c3p0 pool... com.mchange.v2.c3p0.ComboPooledDataSource [ acquireIncrement -> 5, acquireRetryAttempts -> 30, acquireRetryDelay -> 1000, autoCommitOnClose -> false, automaticTestTable -> null, breakAfterAcquireFailure -> false, checkoutTimeout -> 30000, connectionCustomizerClassName -> null, connectionTesterClassName -> com.mchange.v2.c3p0.impl.DefaultConnectionTester, dataSourceName -> 1hge0w89zuwrj8u19b7pzk|73a1e9a9, debugUnreturnedConnectionStackTraces -> false, description -> null, driverClass -> com.mysql.jdbc.Driver, factoryClassLocation -> null, forceIgnoreUnresolvedTransactions -> false, identityToken -> 1hge0w89zuwrj8u19b7pzk|73a1e9a9, idleConnectionTestPeriod -> 30, initialPoolSize -> 10, jdbcUrl -> jdbc:mysql://localhost:3306/ssm?useUnicode=true&characterEncoding=utf-8&useSSL=false, maxAdministrativeTaskTime -> 0, maxConnectionAge -> 0, maxIdleTime -> 30, maxIdleTimeExcessConnections -> 0, maxPoolSize -> 50, maxStatements -> 0, maxStatementsPerConnection -> 0, minPoolSize -> 10, numHelperThreads -> 3, numThreadsAwaitingCheckoutDefaultUser -> 0, preferredTestQuery -> null, properties -> {user=******, password=******}, propertyCycle -> 0, testConnectionOnCheckin -> false, testConnectionOnCheckout -> false, unreturnedConnectionTimeout -> 0, usesTraditionalReflectiveProxies -> false ]
 [INFO] [2018-12-02 22:51:20][org.springframework.context.support.GenericApplicationContext]Closing org.springframework.context.support.GenericApplicationContext@14acaea5: startup date [Sun Dec 02 22:51:15 CST 2018]; root of context hierarchy
 [INFO] [2018-12-02 23:46:12][org.springframework.context.support.ClassPathXmlApplicationContext]Refreshing org.springframework.context.support.ClassPathXmlApplicationContext@75bd9247: startup date [Sun Dec 02 23:46:12 CST 2018]; root of context hierarchy
 [INFO] [2018-12-02 23:46:12][org.springframework.beans.factory.xml.XmlBeanDefinitionReader]Loading XML bean definitions from class path resource [spring-mybatis.xml]
 [INFO] [2018-12-02 23:46:13][org.springframework.context.support.PropertySourcesPlaceholderConfigurer]Loading properties file from class path resource [jdbc.properties]
 [INFO] [2018-12-02 23:46:13][org.springframework.beans.factory.annotation.AutowiredAnnotationBeanPostProcessor]JSR-330 'javax.inject.Inject' annotation found and supported for autowiring
 [INFO] [2018-12-02 23:46:13][com.mchange.v2.log.MLog]MLog clients using log4j logging.
 [INFO] [2018-12-02 23:46:14][com.mchange.v2.c3p0.C3P0Registry]Initializing c3p0-0.9.1.2 [built 21-May-2007 15:04:56; debug? true; trace: 10]
 [INFO] [2018-12-02 23:46:15][com.mchange.v2.c3p0.impl.AbstractPoolBackedDataSource]Initializing c3p0 pool... com.mchange.v2.c3p0.ComboPooledDataSource [ acquireIncrement -> 5, acquireRetryAttempts -> 30, acquireRetryDelay -> 1000, autoCommitOnClose -> false, automaticTestTable -> null, breakAfterAcquireFailure -> false, checkoutTimeout -> 30000, connectionCustomizerClassName -> null, connectionTesterClassName -> com.mchange.v2.c3p0.impl.DefaultConnectionTester, dataSourceName -> 1hge0w89zuyq7cnxj2na|3e58a80e, debugUnreturnedConnectionStackTraces -> false, description -> null, driverClass -> com.mysql.jdbc.Driver, factoryClassLocation -> null, forceIgnoreUnresolvedTransactions -> false, identityToken -> 1hge0w89zuyq7cnxj2na|3e58a80e, idleConnectionTestPeriod -> 30, initialPoolSize -> 10, jdbcUrl -> jdbc:mysql://localhost:3306/ssm?useUnicode=true&characterEncoding=utf-8&useSSL=false, maxAdministrativeTaskTime -> 0, maxConnectionAge -> 0, maxIdleTime -> 30, maxIdleTimeExcessConnections -> 0, maxPoolSize -> 50, maxStatements -> 0, maxStatementsPerConnection -> 0, minPoolSize -> 10, numHelperThreads -> 3, numThreadsAwaitingCheckoutDefaultUser -> 0, preferredTestQuery -> null, properties -> {user=******, password=******}, propertyCycle -> 0, testConnectionOnCheckin -> false, testConnectionOnCheckout -> false, unreturnedConnectionTimeout -> 0, usesTraditionalReflectiveProxies -> false ]
 [INFO] [2018-12-02 23:48:22][org.springframework.context.support.ClassPathXmlApplicationContext]Refreshing org.springframework.context.support.ClassPathXmlApplicationContext@75bd9247: startup date [Sun Dec 02 23:48:22 CST 2018]; root of context hierarchy
 [INFO] [2018-12-02 23:48:22][org.springframework.beans.factory.xml.XmlBeanDefinitionReader]Loading XML bean definitions from class path resource [spring-mybatis.xml]
 [INFO] [2018-12-02 23:48:23][org.springframework.context.support.PropertySourcesPlaceholderConfigurer]Loading properties file from class path resource [jdbc.properties]
 [INFO] [2018-12-02 23:48:23][org.springframework.beans.factory.annotation.AutowiredAnnotationBeanPostProcessor]JSR-330 'javax.inject.Inject' annotation found and supported for autowiring
 [INFO] [2018-12-02 23:48:23][com.mchange.v2.log.MLog]MLog clients using log4j logging.
 [INFO] [2018-12-02 23:48:24][com.mchange.v2.c3p0.C3P0Registry]Initializing c3p0-0.9.1.2 [built 21-May-2007 15:04:56; debug? true; trace: 10]
 [INFO] [2018-12-02 23:48:24][com.mchange.v2.c3p0.impl.AbstractPoolBackedDataSource]Initializing c3p0 pool... com.mchange.v2.c3p0.ComboPooledDataSource [ acquireIncrement -> 5, acquireRetryAttempts -> 30, acquireRetryDelay -> 1000, autoCommitOnClose -> false, automaticTestTable -> null, breakAfterAcquireFailure -> false, checkoutTimeout -> 30000, connectionCustomizerClassName -> null, connectionTesterClassName -> com.mchange.v2.c3p0.impl.DefaultConnectionTester, dataSourceName -> 1hge0w89zuyszfw17yrt50|3e58a80e, debugUnreturnedConnectionStackTraces -> false, description -> null, driverClass -> com.mysql.jdbc.Driver, factoryClassLocation -> null, forceIgnoreUnresolvedTransactions -> false, identityToken -> 1hge0w89zuyszfw17yrt50|3e58a80e, idleConnectionTestPeriod -> 30, initialPoolSize -> 10, jdbcUrl -> jdbc:mysql://localhost:3306/ssm?useUnicode=true&characterEncoding=utf-8&useSSL=false, maxAdministrativeTaskTime -> 0, maxConnectionAge -> 0, maxIdleTime -> 30, maxIdleTimeExcessConnections -> 0, maxPoolSize -> 50, maxStatements -> 0, maxStatementsPerConnection -> 0, minPoolSize -> 10, numHelperThreads -> 3, numThreadsAwaitingCheckoutDefaultUser -> 0, preferredTestQuery -> null, properties -> {user=******, password=******}, propertyCycle -> 0, testConnectionOnCheckin -> false, testConnectionOnCheckout -> false, unreturnedConnectionTimeout -> 0, usesTraditionalReflectiveProxies -> false ]
 [INFO] [2018-12-04 18:53:13][org.springframework.test.context.support.DefaultTestContextBootstrapper]Loaded default TestExecutionListener class names from location [META-INF/spring.factories]: [org.springframework.test.context.web.ServletTestExecutionListener, org.springframework.test.context.support.DirtiesContextBeforeModesTestExecutionListener, org.springframework.test.context.support.DependencyInjectionTestExecutionListener, org.springframework.test.context.support.DirtiesContextTestExecutionListener, org.springframework.test.context.transaction.TransactionalTestExecutionListener, org.springframework.test.context.jdbc.SqlScriptsTestExecutionListener]
 [INFO] [2018-12-04 18:53:13][org.springframework.test.context.support.DefaultTestContextBootstrapper]Using TestExecutionListeners: [org.springframework.test.context.web.ServletTestExecutionListener@7cd62f43, org.springframework.test.context.support.DirtiesContextBeforeModesTestExecutionListener@6d4b1c02, org.springframework.test.context.support.DependencyInjectionTestExecutionListener@6093dd95, org.springframework.test.context.support.DirtiesContextTestExecutionListener@5622fdf, org.springframework.test.context.transaction.TransactionalTestExecutionListener@4883b407, org.springframework.test.context.jdbc.SqlScriptsTestExecutionListener@7d9d1a19]
 [INFO] [2018-12-04 18:53:14][org.springframework.beans.factory.xml.XmlBeanDefinitionReader]Loading XML bean definitions from class path resource [spring-mybatis.xml]
 [INFO] [2018-12-04 18:53:14][org.springframework.context.support.GenericApplicationContext]Refreshing org.springframework.context.support.GenericApplicationContext@731a74c: startup date [Tue Dec 04 18:53:14 CST 2018]; root of context hierarchy
 [INFO] [2018-12-04 18:53:14][org.springframework.beans.factory.annotation.AutowiredAnnotationBeanPostProcessor]JSR-330 'javax.inject.Inject' annotation found and supported for autowiring
 [INFO] [2018-12-04 18:53:14][com.mchange.v2.log.MLog]MLog clients using log4j logging.
 [INFO] [2018-12-04 18:53:14][com.mchange.v2.c3p0.C3P0Registry]Initializing c3p0-0.9.1.2 [built 21-May-2007 15:04:56; debug? true; trace: 10]
 [INFO] [2018-12-04 18:53:15][org.springframework.context.support.GenericApplicationContext]Closing org.springframework.context.support.GenericApplicationContext@731a74c: startup date [Tue Dec 04 18:53:14 CST 2018]; root of context hierarchy
 [INFO] [2018-12-04 18:53:49][org.springframework.test.context.support.DefaultTestContextBootstrapper]Loaded default TestExecutionListener class names from location [META-INF/spring.factories]: [org.springframework.test.context.web.ServletTestExecutionListener, org.springframework.test.context.support.DirtiesContextBeforeModesTestExecutionListener, org.springframework.test.context.support.DependencyInjectionTestExecutionListener, org.springframework.test.context.support.DirtiesContextTestExecutionListener, org.springframework.test.context.transaction.TransactionalTestExecutionListener, org.springframework.test.context.jdbc.SqlScriptsTestExecutionListener]
 [INFO] [2018-12-04 18:53:49][org.springframework.test.context.support.DefaultTestContextBootstrapper]Using TestExecutionListeners: [org.springframework.test.context.web.ServletTestExecutionListener@7cd62f43, org.springframework.test.context.support.DirtiesContextBeforeModesTestExecutionListener@6d4b1c02, org.springframework.test.context.support.DependencyInjectionTestExecutionListener@6093dd95, org.springframework.test.context.support.DirtiesContextTestExecutionListener@5622fdf, org.springframework.test.context.transaction.TransactionalTestExecutionListener@4883b407, org.springframework.test.context.jdbc.SqlScriptsTestExecutionListener@7d9d1a19]
 [INFO] [2018-12-04 18:53:49][org.springframework.beans.factory.xml.XmlBeanDefinitionReader]Loading XML bean definitions from class path resource [spring-mybatis.xml]
 [INFO] [2018-12-04 18:53:50][org.springframework.context.support.GenericApplicationContext]Refreshing org.springframework.context.support.GenericApplicationContext@731a74c: startup date [Tue Dec 04 18:53:50 CST 2018]; root of context hierarchy
 [INFO] [2018-12-04 18:53:50][org.springframework.beans.factory.annotation.AutowiredAnnotationBeanPostProcessor]JSR-330 'javax.inject.Inject' annotation found and supported for autowiring
 [INFO] [2018-12-04 18:53:50][com.mchange.v2.log.MLog]MLog clients using log4j logging.
 [INFO] [2018-12-04 18:53:50][com.mchange.v2.c3p0.C3P0Registry]Initializing c3p0-0.9.1.2 [built 21-May-2007 15:04:56; debug? true; trace: 10]
 [INFO] [2018-12-04 18:53:51][com.mchange.v2.c3p0.impl.AbstractPoolBackedDataSource]Initializing c3p0 pool... com.mchange.v2.c3p0.ComboPooledDataSource [ acquireIncrement -> 5, acquireRetryAttempts -> 30, acquireRetryDelay -> 1000, autoCommitOnClose -> false, automaticTestTable -> null, breakAfterAcquireFailure -> false, checkoutTimeout -> 30000, connectionCustomizerClassName -> null, connectionTesterClassName -> com.mchange.v2.c3p0.impl.DefaultConnectionTester, dataSourceName -> 1hge1639zxj5vxmonxihj|6ed3ccb2, debugUnreturnedConnectionStackTraces -> false, description -> null, driverClass -> com.mysql.jdbc.Driver, factoryClassLocation -> null, forceIgnoreUnresolvedTransactions -> false, identityToken -> 1hge1639zxj5vxmonxihj|6ed3ccb2, idleConnectionTestPeriod -> 30, initialPoolSize -> 10, jdbcUrl -> jdbc:mysql://localhost:3306/ssm?useUnicode=true&characterEncoding=utf-8&useSSL=false, maxAdministrativeTaskTime -> 0, maxConnectionAge -> 0, maxIdleTime -> 30, maxIdleTimeExcessConnections -> 0, maxPoolSize -> 50, maxStatements -> 0, maxStatementsPerConnection -> 0, minPoolSize -> 10, numHelperThreads -> 3, numThreadsAwaitingCheckoutDefaultUser -> 0, preferredTestQuery -> null, properties -> {user=******, password=******}, propertyCycle -> 0, testConnectionOnCheckin -> false, testConnectionOnCheckout -> false, unreturnedConnectionTimeout -> 0, usesTraditionalReflectiveProxies -> false ]
 [INFO] [2018-12-04 18:53:51][com.test.TestMyBatis]值：Tue Dec 04 01:09:56 CST 2018
 [INFO] [2018-12-04 18:53:52][com.test.TestMyBatis]{"age":7,"id":3,"password":"aadb36d788664f12affe8af8d8c33cf5","userName":"Tue Dec 04 01:09:56 CST 2018"}
 [INFO] [2018-12-04 18:53:52][org.springframework.context.support.GenericApplicationContext]Closing org.springframework.context.support.GenericApplicationContext@731a74c: startup date [Tue Dec 04 18:53:50 CST 2018]; root of context hierarchy
 [INFO] [2018-12-04 18:53:59][org.springframework.test.context.support.DefaultTestContextBootstrapper]Loaded default TestExecutionListener class names from location [META-INF/spring.factories]: [org.springframework.test.context.web.ServletTestExecutionListener, org.springframework.test.context.support.DirtiesContextBeforeModesTestExecutionListener, org.springframework.test.context.support.DependencyInjectionTestExecutionListener, org.springframework.test.context.support.DirtiesContextTestExecutionListener, org.springframework.test.context.transaction.TransactionalTestExecutionListener, org.springframework.test.context.jdbc.SqlScriptsTestExecutionListener]
 [INFO] [2018-12-04 18:53:59][org.springframework.test.context.support.DefaultTestContextBootstrapper]Using TestExecutionListeners: [org.springframework.test.context.web.ServletTestExecutionListener@7cd62f43, org.springframework.test.context.support.DirtiesContextBeforeModesTestExecutionListener@6d4b1c02, org.springframework.test.context.support.DependencyInjectionTestExecutionListener@6093dd95, org.springframework.test.context.support.DirtiesContextTestExecutionListener@5622fdf, org.springframework.test.context.transaction.TransactionalTestExecutionListener@4883b407, org.springframework.test.context.jdbc.SqlScriptsTestExecutionListener@7d9d1a19]
 [INFO] [2018-12-04 18:53:59][org.springframework.beans.factory.xml.XmlBeanDefinitionReader]Loading XML bean definitions from class path resource [spring-mybatis.xml]
 [INFO] [2018-12-04 18:53:59][org.springframework.context.support.GenericApplicationContext]Refreshing org.springframework.context.support.GenericApplicationContext@731a74c: startup date [Tue Dec 04 18:53:59 CST 2018]; root of context hierarchy
 [INFO] [2018-12-04 18:54:00][org.springframework.beans.factory.annotation.AutowiredAnnotationBeanPostProcessor]JSR-330 'javax.inject.Inject' annotation found and supported for autowiring
 [INFO] [2018-12-04 18:54:00][com.mchange.v2.log.MLog]MLog clients using log4j logging.
 [INFO] [2018-12-04 18:54:00][com.mchange.v2.c3p0.C3P0Registry]Initializing c3p0-0.9.1.2 [built 21-May-2007 15:04:56; debug? true; trace: 10]
 [INFO] [2018-12-04 18:54:00][org.springframework.context.support.GenericApplicationContext]Closing org.springframework.context.support.GenericApplicationContext@731a74c: startup date [Tue Dec 04 18:53:59 CST 2018]; root of context hierarchy
 [INFO] [2018-12-04 18:54:54][org.springframework.test.context.support.DefaultTestContextBootstrapper]Loaded default TestExecutionListener class names from location [META-INF/spring.factories]: [org.springframework.test.context.web.ServletTestExecutionListener, org.springframework.test.context.support.DirtiesContextBeforeModesTestExecutionListener, org.springframework.test.context.support.DependencyInjectionTestExecutionListener, org.springframework.test.context.support.DirtiesContextTestExecutionListener, org.springframework.test.context.transaction.TransactionalTestExecutionListener, org.springframework.test.context.jdbc.SqlScriptsTestExecutionListener]
 [INFO] [2018-12-04 18:54:54][org.springframework.test.context.support.DefaultTestContextBootstrapper]Using TestExecutionListeners: [org.springframework.test.context.web.ServletTestExecutionListener@7cd62f43, org.springframework.test.context.support.DirtiesContextBeforeModesTestExecutionListener@6d4b1c02, org.springframework.test.context.support.DependencyInjectionTestExecutionListener@6093dd95, org.springframework.test.context.support.DirtiesContextTestExecutionListener@5622fdf, org.springframework.test.context.transaction.TransactionalTestExecutionListener@4883b407, org.springframework.test.context.jdbc.SqlScriptsTestExecutionListener@7d9d1a19]
 [INFO] [2018-12-04 18:54:54][org.springframework.beans.factory.xml.XmlBeanDefinitionReader]Loading XML bean definitions from class path resource [spring-mybatis.xml]
 [INFO] [2018-12-04 18:54:54][org.springframework.context.support.GenericApplicationContext]Refreshing org.springframework.context.support.GenericApplicationContext@731a74c: startup date [Tue Dec 04 18:54:54 CST 2018]; root of context hierarchy
 [INFO] [2018-12-04 18:54:55][org.springframework.beans.factory.annotation.AutowiredAnnotationBeanPostProcessor]JSR-330 'javax.inject.Inject' annotation found and supported for autowiring
 [INFO] [2018-12-04 18:54:55][com.mchange.v2.log.MLog]MLog clients using log4j logging.
 [INFO] [2018-12-04 18:54:55][com.mchange.v2.c3p0.C3P0Registry]Initializing c3p0-0.9.1.2 [built 21-May-2007 15:04:56; debug? true; trace: 10]
 [INFO] [2018-12-04 18:54:55][org.springframework.context.support.GenericApplicationContext]Closing org.springframework.context.support.GenericApplicationContext@731a74c: startup date [Tue Dec 04 18:54:54 CST 2018]; root of context hierarchy
 [INFO] [2018-12-04 18:55:55][org.springframework.test.context.support.DefaultTestContextBootstrapper]Loaded default TestExecutionListener class names from location [META-INF/spring.factories]: [org.springframework.test.context.web.ServletTestExecutionListener, org.springframework.test.context.support.DirtiesContextBeforeModesTestExecutionListener, org.springframework.test.context.support.DependencyInjectionTestExecutionListener, org.springframework.test.context.support.DirtiesContextTestExecutionListener, org.springframework.test.context.transaction.TransactionalTestExecutionListener, org.springframework.test.context.jdbc.SqlScriptsTestExecutionListener]
 [INFO] [2018-12-04 18:55:55][org.springframework.test.context.support.DefaultTestContextBootstrapper]Using TestExecutionListeners: [org.springframework.test.context.web.ServletTestExecutionListener@7cd62f43, org.springframework.test.context.support.DirtiesContextBeforeModesTestExecutionListener@6d4b1c02, org.springframework.test.context.support.DependencyInjectionTestExecutionListener@6093dd95, org.springframework.test.context.support.DirtiesContextTestExecutionListener@5622fdf, org.springframework.test.context.transaction.TransactionalTestExecutionListener@4883b407, org.springframework.test.context.jdbc.SqlScriptsTestExecutionListener@7d9d1a19]
 [INFO] [2018-12-04 18:55:56][org.springframework.beans.factory.xml.XmlBeanDefinitionReader]Loading XML bean definitions from class path resource [spring-mybatis.xml]
 [INFO] [2018-12-04 18:55:56][org.springframework.context.support.GenericApplicationContext]Refreshing org.springframework.context.support.GenericApplicationContext@731a74c: startup date [Tue Dec 04 18:55:56 CST 2018]; root of context hierarchy
 [INFO] [2018-12-04 18:55:56][org.springframework.beans.factory.annotation.AutowiredAnnotationBeanPostProcessor]JSR-330 'javax.inject.Inject' annotation found and supported for autowiring
 [INFO] [2018-12-04 18:55:56][com.mchange.v2.log.MLog]MLog clients using log4j logging.
 [INFO] [2018-12-04 18:55:56][com.mchange.v2.c3p0.C3P0Registry]Initializing c3p0-0.9.1.2 [built 21-May-2007 15:04:56; debug? true; trace: 10]
 [INFO] [2018-12-04 18:55:57][org.springframework.context.support.GenericApplicationContext]Closing org.springframework.context.support.GenericApplicationContext@731a74c: startup date [Tue Dec 04 18:55:56 CST 2018]; root of context hierarchy
 [INFO] [2018-12-04 18:56:39][org.springframework.test.context.support.DefaultTestContextBootstrapper]Loaded default TestExecutionListener class names from location [META-INF/spring.factories]: [org.springframework.test.context.web.ServletTestExecutionListener, org.springframework.test.context.support.DirtiesContextBeforeModesTestExecutionListener, org.springframework.test.context.support.DependencyInjectionTestExecutionListener, org.springframework.test.context.support.DirtiesContextTestExecutionListener, org.springframework.test.context.transaction.TransactionalTestExecutionListener, org.springframework.test.context.jdbc.SqlScriptsTestExecutionListener]
 [INFO] [2018-12-04 18:56:39][org.springframework.test.context.support.DefaultTestContextBootstrapper]Using TestExecutionListeners: [org.springframework.test.context.web.ServletTestExecutionListener@7cd62f43, org.springframework.test.context.support.DirtiesContextBeforeModesTestExecutionListener@6d4b1c02, org.springframework.test.context.support.DependencyInjectionTestExecutionListener@6093dd95, org.springframework.test.context.support.DirtiesContextTestExecutionListener@5622fdf, org.springframework.test.context.transaction.TransactionalTestExecutionListener@4883b407, org.springframework.test.context.jdbc.SqlScriptsTestExecutionListener@7d9d1a19]
 [INFO] [2018-12-04 18:56:39][org.springframework.beans.factory.xml.XmlBeanDefinitionReader]Loading XML bean definitions from class path resource [spring-mybatis.xml]
 [INFO] [2018-12-04 18:56:40][org.springframework.context.support.GenericApplicationContext]Refreshing org.springframework.context.support.GenericApplicationContext@731a74c: startup date [Tue Dec 04 18:56:40 CST 2018]; root of context hierarchy
 [INFO] [2018-12-04 18:56:40][org.springframework.beans.factory.annotation.AutowiredAnnotationBeanPostProcessor]JSR-330 'javax.inject.Inject' annotation found and supported for autowiring
 [INFO] [2018-12-04 18:56:40][com.mchange.v2.log.MLog]MLog clients using log4j logging.
 [INFO] [2018-12-04 18:56:40][com.mchange.v2.c3p0.C3P0Registry]Initializing c3p0-0.9.1.2 [built 21-May-2007 15:04:56; debug? true; trace: 10]
 [INFO] [2018-12-04 18:56:40][org.springframework.context.support.GenericApplicationContext]Closing org.springframework.context.support.GenericApplicationContext@731a74c: startup date [Tue Dec 04 18:56:40 CST 2018]; root of context hierarchy
 [INFO] [2018-12-04 18:57:04][org.springframework.test.context.support.DefaultTestContextBootstrapper]Loaded default TestExecutionListener class names from location [META-INF/spring.factories]: [org.springframework.test.context.web.ServletTestExecutionListener, org.springframework.test.context.support.DirtiesContextBeforeModesTestExecutionListener, org.springframework.test.context.support.DependencyInjectionTestExecutionListener, org.springframework.test.context.support.DirtiesContextTestExecutionListener, org.springframework.test.context.transaction.TransactionalTestExecutionListener, org.springframework.test.context.jdbc.SqlScriptsTestExecutionListener]
 [INFO] [2018-12-04 18:57:04][org.springframework.test.context.support.DefaultTestContextBootstrapper]Using TestExecutionListeners: [org.springframework.test.context.web.ServletTestExecutionListener@7cd62f43, org.springframework.test.context.support.DirtiesContextBeforeModesTestExecutionListener@6d4b1c02, org.springframework.test.context.support.DependencyInjectionTestExecutionListener@6093dd95, org.springframework.test.context.support.DirtiesContextTestExecutionListener@5622fdf, org.springframework.test.context.transaction.TransactionalTestExecutionListener@4883b407, org.springframework.test.context.jdbc.SqlScriptsTestExecutionListener@7d9d1a19]
 [INFO] [2018-12-04 18:57:04][org.springframework.beans.factory.xml.XmlBeanDefinitionReader]Loading XML bean definitions from class path resource [spring-mybatis.xml]
 [INFO] [2018-12-04 18:57:05][org.springframework.context.support.GenericApplicationContext]Refreshing org.springframework.context.support.GenericApplicationContext@731a74c: startup date [Tue Dec 04 18:57:05 CST 2018]; root of context hierarchy
 [INFO] [2018-12-04 18:57:05][org.springframework.beans.factory.annotation.AutowiredAnnotationBeanPostProcessor]JSR-330 'javax.inject.Inject' annotation found and supported for autowiring
 [INFO] [2018-12-04 18:57:05][com.mchange.v2.log.MLog]MLog clients using log4j logging.
 [INFO] [2018-12-04 18:57:05][com.mchange.v2.c3p0.C3P0Registry]Initializing c3p0-0.9.1.2 [built 21-May-2007 15:04:56; debug? true; trace: 10]
 [INFO] [2018-12-04 18:57:05][org.springframework.context.support.GenericApplicationContext]Closing org.springframework.context.support.GenericApplicationContext@731a74c: startup date [Tue Dec 04 18:57:05 CST 2018]; root of context hierarchy
 [INFO] [2018-12-04 18:58:03][org.springframework.test.context.support.DefaultTestContextBootstrapper]Loaded default TestExecutionListener class names from location [META-INF/spring.factories]: [org.springframework.test.context.web.ServletTestExecutionListener, org.springframework.test.context.support.DirtiesContextBeforeModesTestExecutionListener, org.springframework.test.context.support.DependencyInjectionTestExecutionListener, org.springframework.test.context.support.DirtiesContextTestExecutionListener, org.springframework.test.context.transaction.TransactionalTestExecutionListener, org.springframework.test.context.jdbc.SqlScriptsTestExecutionListener]
 [INFO] [2018-12-04 18:58:03][org.springframework.test.context.support.DefaultTestContextBootstrapper]Using TestExecutionListeners: [org.springframework.test.context.web.ServletTestExecutionListener@7d9d1a19, org.springframework.test.context.support.DirtiesContextBeforeModesTestExecutionListener@39c0f4a, org.springframework.test.context.support.DependencyInjectionTestExecutionListener@1794d431, org.springframework.test.context.support.DirtiesContextTestExecutionListener@42e26948, org.springframework.test.context.transaction.TransactionalTestExecutionListener@57baeedf, org.springframework.test.context.jdbc.SqlScriptsTestExecutionListener@343f4d3d]
 [INFO] [2018-12-04 18:58:03][org.springframework.beans.factory.xml.XmlBeanDefinitionReader]Loading XML bean definitions from class path resource [spring-mybatis.xml]
 [INFO] [2018-12-04 18:58:04][org.springframework.context.support.GenericApplicationContext]Refreshing org.springframework.context.support.GenericApplicationContext@3a5ed7a6: startup date [Tue Dec 04 18:58:04 CST 2018]; root of context hierarchy
 [INFO] [2018-12-04 18:58:04][org.springframework.beans.factory.annotation.AutowiredAnnotationBeanPostProcessor]JSR-330 'javax.inject.Inject' annotation found and supported for autowiring
 [INFO] [2018-12-04 18:58:04][com.mchange.v2.log.MLog]MLog clients using log4j logging.
 [INFO] [2018-12-04 18:58:04][com.mchange.v2.c3p0.C3P0Registry]Initializing c3p0-0.9.1.2 [built 21-May-2007 15:04:56; debug? true; trace: 10]
 [INFO] [2018-12-04 18:58:05][com.mchange.v2.c3p0.impl.AbstractPoolBackedDataSource]Initializing c3p0 pool... com.mchange.v2.c3p0.ComboPooledDataSource [ acquireIncrement -> 5, acquireRetryAttempts -> 30, acquireRetryDelay -> 1000, autoCommitOnClose -> false, automaticTestTable -> null, breakAfterAcquireFailure -> false, checkoutTimeout -> 30000, connectionCustomizerClassName -> null, connectionTesterClassName -> com.mchange.v2.c3p0.impl.DefaultConnectionTester, dataSourceName -> 1hge1639zxjbbzf18liqwy|1a677343, debugUnreturnedConnectionStackTraces -> false, description -> null, driverClass -> com.mysql.jdbc.Driver, factoryClassLocation -> null, forceIgnoreUnresolvedTransactions -> false, identityToken -> 1hge1639zxjbbzf18liqwy|1a677343, idleConnectionTestPeriod -> 30, initialPoolSize -> 10, jdbcUrl -> jdbc:mysql://localhost:3306/ssm?useUnicode=true&characterEncoding=utf-8&useSSL=false, maxAdministrativeTaskTime -> 0, maxConnectionAge -> 0, maxIdleTime -> 30, maxIdleTimeExcessConnections -> 0, maxPoolSize -> 50, maxStatements -> 0, maxStatementsPerConnection -> 0, minPoolSize -> 10, numHelperThreads -> 3, numThreadsAwaitingCheckoutDefaultUser -> 0, preferredTestQuery -> null, properties -> {user=******, password=******}, propertyCycle -> 0, testConnectionOnCheckin -> false, testConnectionOnCheckout -> false, unreturnedConnectionTimeout -> 0, usesTraditionalReflectiveProxies -> false ]
 [INFO] [2018-12-04 18:58:05][com.test.TestMyBatis]值：Tue Dec 04 01:15:52 CST 2018
 [INFO] [2018-12-04 18:58:05][com.test.TestMyBatis]{"age":5,"id":1,"password":"c7ab2ffa4ee84df78df1d3e8a903e20f","userName":"Tue Dec 04 01:15:52 CST 2018"}
 [INFO] [2018-12-04 18:58:05][org.springframework.context.support.GenericApplicationContext]Closing org.springframework.context.support.GenericApplicationContext@3a5ed7a6: startup date [Tue Dec 04 18:58:04 CST 2018]; root of context hierarchy
 